<?xml version="1.0" encoding="UTF-8"?>
<testng-results ignored="0" total="6" passed="6" failed="0" skipped="0">
  <reporter-output>
  </reporter-output>
  <suite started-at="2023-02-10T12:37:20 IST" name="Suite" finished-at="2023-02-10T12:37:21 IST" duration-ms="63">
    <groups>
    </groups>
    <test started-at="2023-02-10T12:37:20 IST" name="Test" finished-at="2023-02-10T12:37:21 IST" duration-ms="63">
      <class name="isuitelistener.testpack1">
        <test-method signature="browserlaunch()[pri:0, instance:isuitelistener.testpack1@6ac13091]" started-at="2023-02-10T12:37:21 IST" name="browserlaunch" finished-at="2023-02-10T12:37:21 IST" duration-ms="12" status="PASS">
          <reporter-output>
          </reporter-output>
        </test-method> <!-- browserlaunch -->
        <test-method signature="searchamazonpage()[pri:0, instance:isuitelistener.testpack1@6ac13091]" started-at="2023-02-10T12:37:21 IST" name="searchamazonpage" finished-at="2023-02-10T12:37:21 IST" duration-ms="2" status="PASS">
          <reporter-output>
          </reporter-output>
        </test-method> <!-- searchamazonpage -->
      </class> <!-- isuitelistener.testpack1 -->
      <class name="isuitelistener.testpack2">
        <test-method signature="emailverification()[pri:0, instance:isuitelistener.testpack2@1f0f1111]" started-at="2023-02-10T12:37:21 IST" name="emailverification" finished-at="2023-02-10T12:37:21 IST" duration-ms="2" status="PASS">
          <reporter-output>
          </reporter-output>
        </test-method> <!-- emailverification -->
        <test-method signature="searchtheproduct()[pri:0, instance:isuitelistener.testpack2@1f0f1111]" started-at="2023-02-10T12:37:21 IST" name="searchtheproduct" finished-at="2023-02-10T12:37:21 IST" duration-ms="4" status="PASS">
          <reporter-output>
          </reporter-output>
        </test-method> <!-- searchtheproduct -->
      </class> <!-- isuitelistener.testpack2 -->
    </test> <!-- Test -->
  </suite> <!-- Suite -->
  <suite started-at="2023-02-10T12:37:21 IST" name="Suite (0)" finished-at="2023-02-10T12:37:21 IST" duration-ms="10">
    <groups>
    </groups>
    <test started-at="2023-02-10T12:37:21 IST" name="Test" finished-at="2023-02-10T12:37:21 IST" duration-ms="10">
      <class name="isuitelistener.testpack1">
        <test-method signature="browserlaunch()[pri:0, instance:isuitelistener.testpack1@e056f20]" started-at="2023-02-10T12:37:21 IST" name="browserlaunch" finished-at="2023-02-10T12:37:21 IST" duration-ms="1" status="PASS">
          <reporter-output>
          </reporter-output>
        </test-method> <!-- browserlaunch -->
        <test-method signature="searchamazonpage()[pri:0, instance:isuitelistener.testpack1@e056f20]" started-at="2023-02-10T12:37:21 IST" name="searchamazonpage" finished-at="2023-02-10T12:37:21 IST" duration-ms="1" status="PASS">
          <reporter-output>
          </reporter-output>
        </test-method> <!-- searchamazonpage -->
      </class> <!-- isuitelistener.testpack1 -->
    </test> <!-- Test -->
  </suite> <!-- Suite (0) -->
  <suite started-at="2023-02-10T12:37:21 IST" name="suite" finished-at="2023-02-10T12:37:21 IST" duration-ms="0">
    <groups>
    </groups>
  </suite> <!-- suite -->
</testng-results>
