<?xml version="1.0" encoding="UTF-8"?>
<!-- Generated by org.testng.reporters.JUnitXMLReporter -->
<testsuite ignored="0" hostname="INBOOK_X1_SLIM" failures="0" tests="4" name="Test" time="0.063" errors="0" timestamp="2023-02-10T12:37:21 IST">
  <testcase classname="isuitelistener.testpack1" name="browserlaunch" time="0.012"/>
  <testcase classname="isuitelistener.testpack1" name="searchamazonpage" time="0.002"/>
  <testcase classname="isuitelistener.testpack2" name="emailverification" time="0.002"/>
  <testcase classname="isuitelistener.testpack2" name="searchtheproduct" time="0.004"/>
</testsuite> <!-- Test -->
